d:\数字图像处理重新\digitalimage\dsplit\x64\debug\dsplit.pch
d:\数字图像处理重新\digitalimage\dsplit\x64\debug\vc142.pdb
d:\数字图像处理重新\digitalimage\dsplit\x64\debug\vc142.idb
d:\数字图像处理重新\digitalimage\dsplit\x64\debug\pch.obj
d:\数字图像处理重新\digitalimage\dsplit\x64\debug\mainfrm.obj
d:\数字图像处理重新\digitalimage\dsplit\x64\debug\dynsplitview2.obj
d:\数字图像处理重新\digitalimage\dsplit\x64\debug\dynsplitterwnd.obj
d:\数字图像处理重新\digitalimage\dsplit\x64\debug\dsplitview.obj
d:\数字图像处理重新\digitalimage\dsplit\x64\debug\dsplitdoc.obj
d:\数字图像处理重新\digitalimage\dsplit\x64\debug\dsplit.obj
d:\数字图像处理重新\digitalimage\dsplit\x64\debug\stdafx.obj
d:\数字图像处理重新\digitalimage\x64\debug\dsplit.exe
d:\数字图像处理重新\digitalimage\dsplit\x64\debug\dsplit.ilk
d:\数字图像处理重新\digitalimage\x64\debug\dsplit.pdb
d:\数字图像处理重新\digitalimage\dsplit\x64\debug\dsplit.res
d:\数字图像处理重新\digitalimage\dsplit\x64\debug\dsplit.tlog\cl.command.1.tlog
d:\数字图像处理重新\digitalimage\dsplit\x64\debug\dsplit.tlog\cl.read.1.tlog
d:\数字图像处理重新\digitalimage\dsplit\x64\debug\dsplit.tlog\cl.write.1.tlog
d:\数字图像处理重新\digitalimage\dsplit\x64\debug\dsplit.tlog\link.command.1.tlog
d:\数字图像处理重新\digitalimage\dsplit\x64\debug\dsplit.tlog\link.read.1.tlog
d:\数字图像处理重新\digitalimage\dsplit\x64\debug\dsplit.tlog\link.write.1.tlog
d:\数字图像处理重新\digitalimage\dsplit\x64\debug\dsplit.tlog\rc.command.1.tlog
d:\数字图像处理重新\digitalimage\dsplit\x64\debug\dsplit.tlog\rc.read.1.tlog
d:\数字图像处理重新\digitalimage\dsplit\x64\debug\dsplit.tlog\rc.write.1.tlog
